<?xml version="1.0" encoding="UTF-8"?>
<testsuite name="com.privalia.business.integration.test.CalculatorTest" tests="4" skipped="0" failures="0" errors="0" timestamp="2018-09-25T10:40:42" hostname="MAC-danielalbendin.local" time="0.007">
  <properties/>
  <testcase name="testSum" classname="com.privalia.business.integration.test.CalculatorTest" time="0.0"/>
  <testcase name="testSubstract" classname="com.privalia.business.integration.test.CalculatorTest" time="0.0"/>
  <testcase name="testDivide" classname="com.privalia.business.integration.test.CalculatorTest" time="0.006"/>
  <testcase name="testMultiply" classname="com.privalia.business.integration.test.CalculatorTest" time="0.0"/>
  <system-out><![CDATA[]]></system-out>
  <system-err><![CDATA[]]></system-err>
</testsuite>
